TN:
SF:Server.js
FNF:0
FNH:0
DA:1,1
DA:2,1
DA:3,1
DA:4,1
DA:5,1
DA:6,1
DA:7,1
DA:8,1
DA:9,1
DA:10,1
DA:11,1
DA:12,1
DA:13,1
LF:13
LH:13
BRDA:1,0,0,1
BRDA:9,1,0,1
BRF:2
BRH:2
end_of_record
TN:
SF:Controller\notesController.js
FN:4,exports.getAllNotes
FN:10,exports.getNoteById
FN:19,exports.createNote
FN:42,exports.deleteNote
FN:57,exports.updateNote
FNF:5
FNH:5
FNDA:1,exports.getAllNotes
FNDA:1,exports.getNoteById
FNDA:10,exports.createNote
FNDA:3,exports.deleteNote
FNDA:3,exports.updateNote
DA:1,1
DA:2,1
DA:3,1
DA:4,1
DA:5,1
DA:6,1
DA:7,1
DA:8,1
DA:9,1
DA:10,1
DA:11,1
DA:12,1
DA:13,1
DA:14,1
DA:15,0
DA:16,0
DA:17,1
DA:18,1
DA:19,1
DA:20,10
DA:21,10
DA:22,10
DA:23,3
DA:24,3
DA:25,7
DA:26,7
DA:27,7
DA:28,7
DA:29,7
DA:30,7
DA:31,7
DA:32,7
DA:33,7
DA:34,7
DA:35,7
DA:36,7
DA:37,7
DA:38,7
DA:39,7
DA:40,1
DA:41,1
DA:42,1
DA:43,3
DA:44,3
DA:45,3
DA:46,3
DA:47,3
DA:48,1
DA:49,1
DA:50,2
DA:51,2
DA:52,2
DA:53,2
DA:54,2
DA:55,1
DA:56,1
DA:57,1
DA:58,3
DA:59,3
DA:60,3
DA:61,3
DA:62,3
DA:63,3
DA:64,3
DA:65,1
DA:66,1
DA:67,3
DA:68,1
DA:69,1
DA:70,1
DA:71,1
DA:72,1
DA:73,1
DA:74,1
DA:75,1
DA:76,1
DA:77,1
DA:78,1
LF:78
LH:76
BRDA:1,0,0,1
BRDA:4,1,0,1
BRDA:10,2,0,1
BRDA:15,3,0,0
BRDA:12,4,0,102
BRDA:19,5,0,10
BRDA:22,6,0,8
BRDA:22,7,0,3
BRDA:25,8,0,7
BRDA:42,9,0,3
BRDA:47,10,0,1
BRDA:50,11,0,2
BRDA:46,12,0,311
BRDA:51,13,0,208
BRDA:57,14,0,3
BRDA:64,15,0,1
BRDA:64,16,0,1
BRDA:67,17,0,2
BRDA:67,18,0,1
BRDA:62,19,0,209
BRF:20
BRH:19
end_of_record
TN:
SF:routes\notesRoutes.js
FNF:0
FNH:0
DA:1,1
DA:2,1
DA:3,1
DA:4,1
DA:5,1
DA:6,1
DA:7,1
DA:8,1
DA:9,1
DA:10,1
DA:11,1
LF:11
LH:11
BRDA:1,0,0,1
BRF:1
BRH:1
end_of_record
TN:
SF:services\notesServices.js
FN:3,getNotes
FN:7,saveNotes
FNF:2
FNH:2
FNDA:15,getNotes
FNDA:10,saveNotes
DA:1,1
DA:2,1
DA:3,15
DA:4,15
DA:5,15
DA:6,15
DA:7,10
DA:8,10
DA:9,10
DA:10,1
LF:10
LH:10
BRDA:1,0,0,1
BRDA:3,1,0,15
BRDA:7,2,0,10
BRF:3
BRH:3
end_of_record
